<?xml version="1.0" encoding="UTF-8"?>
<!-- Generated by org.testng.reporters.JUnitReportReporter -->
<testsuite skipped="0" hostname="Shivu" name="students.feedbackTest" tests="1" failures="0" timestamp="2021-10-21T21:33:31 IST" time="44.929" errors="0">
  <testcase name="feedback" time="44.929" classname="students.feedbackTest"/>
  <system-out/>
</testsuite> <!-- students.feedbackTest -->
