<?xml version="1.0" encoding="UTF-8"?>
<!-- Generated by org.testng.reporters.JUnitReportReporter -->
<testsuite skipped="0" hostname="Shivu" name="Admin.Adminfunction" tests="1" failures="0" timestamp="2021-10-21T16:55:37 IST" time="748.597" errors="0">
  <testcase name="AdminTest" time="748.597" classname="Admin.Adminfunction"/>
  <system-out/>
</testsuite> <!-- Admin.Adminfunction -->
