<?xml version="1.0" encoding="UTF-8"?>
<!-- Generated by org.testng.reporters.JUnitReportReporter -->
<testsuite skipped="0" hostname="Shivu" name="students.courseenroll" tests="1" failures="0" timestamp="2021-10-19T22:44:49 IST" time="109.914" errors="0">
  <testcase name="enrollTest" time="109.914" classname="students.courseenroll"/>
  <system-out/>
</testsuite> <!-- students.courseenroll -->
