<?xml version="1.0" encoding="UTF-8"?>
<!-- Generated by org.testng.reporters.JUnitReportReporter -->
<testsuite skipped="0" hostname="Shivu" name="students.AaUserFunctiontest" tests="1" failures="0" timestamp="2021-10-21T19:39:49 IST" time="238.109" errors="0">
  <testcase name="UserTest" time="238.109" classname="students.AaUserFunctiontest"/>
  <system-out/>
</testsuite> <!-- students.AaUserFunctiontest -->
