<?xml version="1.0" encoding="UTF-8"?>
<!-- Generated by org.testng.reporters.JUnitReportReporter -->
<testsuite skipped="0" hostname="Shivu" name="students.attemptQuiz" tests="1" failures="0" timestamp="2021-10-21T21:33:31 IST" time="43.716" errors="0">
  <testcase name="Quiz" time="43.716" classname="students.attemptQuiz"/>
  <system-out/>
</testsuite> <!-- students.attemptQuiz -->
