<?xml version="1.0" encoding="UTF-8"?>
<!-- Generated by org.testng.reporters.JUnitReportReporter -->
<testsuite skipped="0" hostname="Shivu" name="Admin.VerifyCourse" tests="1" failures="0" timestamp="2021-10-21T21:29:09 IST" time="71.621" errors="0">
  <testcase name="VerifyUserTest" time="71.621" classname="Admin.VerifyCourse"/>
  <system-out/>
</testsuite> <!-- Admin.VerifyCourse -->
