<?xml version="1.0" encoding="UTF-8"?>
<!-- Generated by org.testng.reporters.JUnitReportReporter -->
<testsuite skipped="0" hostname="Shivu" name="students.attemptQuiz" tests="1" failures="0" timestamp="2021-10-25T14:19:52 IST" time="46.411" errors="0">
  <testcase name="Quiz" time="46.411" classname="students.attemptQuiz"/>
  <system-out/>
</testsuite> <!-- students.attemptQuiz -->
