<?xml version="1.0" encoding="UTF-8"?>
<!-- Generated by org.testng.reporters.JUnitReportReporter -->
<testsuite skipped="0" hostname="Shivu" name="students.feedbackTest" tests="1" failures="0" timestamp="2021-10-20T20:13:12 IST" time="124.914" errors="0">
  <testcase name="feedback" time="124.914" classname="students.feedbackTest"/>
  <system-out/>
</testsuite> <!-- students.feedbackTest -->
