<?xml version="1.0" encoding="UTF-8"?>
<!-- Generated by org.testng.reporters.JUnitReportReporter -->
<testsuite skipped="0" hostname="Shivu" name="Qualitest.Mavenjava.VerifyDeleteUser" tests="1" failures="0" timestamp="2021-10-18T13:08:48 IST" time="63.212" errors="0">
  <testcase name="VerifyDeleteTest" time="63.212" classname="Qualitest.Mavenjava.VerifyDeleteUser"/>
  <system-out/>
</testsuite> <!-- Qualitest.Mavenjava.VerifyDeleteUser -->
