<?xml version="1.0" encoding="UTF-8"?>
<!-- Generated by org.testng.reporters.JUnitReportReporter -->
<testsuite skipped="0" hostname="Shivu" name="Qualitest.Mavenjava.VerifyLogin" tests="1" failures="0" timestamp="2021-10-20T18:37:22 IST" time="17.827" errors="0">
  <testcase name="firstTest" time="17.827" classname="Qualitest.Mavenjava.VerifyLogin"/>
  <system-out/>
</testsuite> <!-- Qualitest.Mavenjava.VerifyLogin -->
