<?xml version="1.0" encoding="UTF-8"?>
<!-- Generated by org.testng.reporters.JUnitReportReporter -->
<testsuite skipped="0" hostname="Shivu" name="Admin.VerifyEnroll" tests="1" failures="0" timestamp="2021-10-20T22:33:37 IST" time="129.311" errors="0">
  <testcase name="AddUserTest" time="129.311" classname="Admin.VerifyEnroll"/>
  <system-out/>
</testsuite> <!-- Admin.VerifyEnroll -->
