<?xml version="1.0" encoding="UTF-8"?>
<!-- Generated by org.testng.reporters.JUnitReportReporter -->
<testsuite skipped="0" hostname="Shivu" name="Qualitest.Mavenjava.VerifyEditUser" tests="1" failures="0" timestamp="2021-10-18T11:19:01 IST" time="103.835" errors="0">
  <testcase name="EditUserTest" time="103.835" classname="Qualitest.Mavenjava.VerifyEditUser"/>
  <system-out/>
</testsuite> <!-- Qualitest.Mavenjava.VerifyEditUser -->
