<?xml version="1.0" encoding="UTF-8"?>
<!-- Generated by org.testng.reporters.JUnitReportReporter -->
<testsuite skipped="0" hostname="Shivu" name="Qualitest.Mavenjava.VerifyEnroll" tests="1" failures="0" timestamp="2021-10-19T19:48:45 IST" time="120.710" errors="0">
  <testcase name="AddUserTest" time="120.710" classname="Qualitest.Mavenjava.VerifyEnroll"/>
  <system-out/>
</testsuite> <!-- Qualitest.Mavenjava.VerifyEnroll -->
