<?xml version="1.0" encoding="UTF-8"?>
<!-- Generated by org.testng.reporters.JUnitReportReporter -->
<testsuite skipped="0" hostname="Shivu" name="students.stu_profileTest" tests="1" failures="0" timestamp="2021-10-25T14:19:52 IST" time="55.095" errors="0">
  <testcase name="studentProfile" time="55.095" classname="students.stu_profileTest"/>
  <system-out/>
</testsuite> <!-- students.stu_profileTest -->
