<?xml version="1.0" encoding="UTF-8"?>
<!-- Generated by org.testng.reporters.JUnitReportReporter -->
<testsuite skipped="0" hostname="Shivu" name="Admin.VerifyDeleteUser" tests="1" failures="0" timestamp="2021-10-21T09:35:25 IST" time="128.155" errors="0">
  <testcase name="VerifyDeleteTest" time="128.155" classname="Admin.VerifyDeleteUser"/>
  <system-out/>
</testsuite> <!-- Admin.VerifyDeleteUser -->
