<?xml version="1.0" encoding="UTF-8"?>
<!-- Generated by org.testng.reporters.JUnitReportReporter -->
<testsuite skipped="0" hostname="Shivu" name="Admin.VerifyEnroll" tests="1" failures="0" timestamp="2021-10-21T20:53:27 IST" time="52.681" errors="0">
  <testcase name="AddUserTest" time="52.681" classname="Admin.VerifyEnroll"/>
  <system-out/>
</testsuite> <!-- Admin.VerifyEnroll -->
