<?xml version="1.0" encoding="UTF-8"?>
<!-- Generated by org.testng.reporters.JUnitReportReporter -->
<testsuite skipped="0" hostname="Shivu" name="Admin.VerifyLogin" tests="2" failures="0" timestamp="2021-10-21T21:29:09 IST" time="53.668" errors="0">
  <testcase name="firstTest" time="37.020" classname="Admin.VerifyLogin"/>
  <system-out/>
  <testcase name="firstTest" time="16.648" classname="Admin.VerifyLogin"/>
  <system-out/>
</testsuite> <!-- Admin.VerifyLogin -->
