<?xml version="1.0" encoding="UTF-8"?>
<!-- Generated by org.testng.reporters.JUnitReportReporter -->
<testsuite skipped="0" hostname="Shivu" name="Admin.verifyDownload" tests="1" failures="0" timestamp="2021-10-22T12:53:53 IST" time="44.107" errors="0">
  <testcase name="DownloadTest" time="44.107" classname="Admin.verifyDownload"/>
  <system-out/>
</testsuite> <!-- Admin.verifyDownload -->
