<?xml version="1.0" encoding="UTF-8"?>
<!-- Generated by org.testng.reporters.JUnitReportReporter -->
<testsuite skipped="0" hostname="Shivu" name="students.attemptQuiz" tests="1" failures="0" timestamp="2021-10-20T19:03:32 IST" time="120.060" errors="0">
  <testcase name="Quiz" time="120.060" classname="students.attemptQuiz"/>
  <system-out/>
</testsuite> <!-- students.attemptQuiz -->
