<?xml version="1.0" encoding="UTF-8"?>
<!-- Generated by org.testng.reporters.JUnitReportReporter -->
<testsuite skipped="0" hostname="Shivu" name="students.view_down_certificate" tests="1" failures="0" timestamp="2021-10-20T20:52:44 IST" time="104.949" errors="0">
  <testcase name="cert" time="104.949" classname="students.view_down_certificate"/>
  <system-out/>
</testsuite> <!-- students.view_down_certificate -->
