<?xml version="1.0" encoding="UTF-8"?>
<!-- Generated by org.testng.reporters.JUnitReportReporter -->
<testsuite skipped="0" hostname="Shivu" name="students.courseenroll" tests="1" failures="0" timestamp="2021-10-25T14:19:52 IST" time="47.238" errors="0">
  <testcase name="enrollTest" time="47.238" classname="students.courseenroll"/>
  <system-out/>
</testsuite> <!-- students.courseenroll -->
