<?xml version="1.0" encoding="UTF-8"?>
<!-- Generated by org.testng.reporters.JUnitReportReporter -->
<testsuite skipped="0" hostname="Shivu" name="Admin.VerifyLogin" tests="2" failures="0" timestamp="2021-10-22T12:53:53 IST" time="50.324" errors="0">
  <testcase name="firstTest" time="12.705" classname="Admin.VerifyLogin"/>
  <system-out/>
  <testcase name="firstTest" time="37.619" classname="Admin.VerifyLogin"/>
  <system-out/>
</testsuite> <!-- Admin.VerifyLogin -->
