<?xml version="1.0" encoding="UTF-8"?>
<!-- Generated by org.testng.reporters.JUnitReportReporter -->
<testsuite skipped="0" hostname="Shivu" name="students.courseenroll" tests="1" failures="0" timestamp="2021-10-21T21:33:31 IST" time="52.056" errors="0">
  <testcase name="enrollTest" time="52.056" classname="students.courseenroll"/>
  <system-out/>
</testsuite> <!-- students.courseenroll -->
