<?xml version="1.0" encoding="UTF-8"?>
<!-- Generated by org.testng.reporters.JUnitReportReporter -->
<testsuite skipped="0" hostname="Shivu" name="Qualitest.Mavenjava.Admin_QualicoachTest" tests="1" failures="0" timestamp="2021-10-18T21:05:45 IST" time="88.196" errors="0">
  <testcase name="DriverInit1" time="88.196" classname="Qualitest.Mavenjava.Admin_QualicoachTest"/>
  <system-out/>
</testsuite> <!-- Qualitest.Mavenjava.Admin_QualicoachTest -->
