<?xml version="1.0" encoding="UTF-8"?>
<!-- Generated by org.testng.reporters.JUnitReportReporter -->
<testsuite skipped="0" hostname="Shivu" name="Admin.VerifyEditUser" tests="1" failures="0" timestamp="2021-10-21T21:29:09 IST" time="61.325" errors="0">
  <testcase name="EditUserTest" time="61.325" classname="Admin.VerifyEditUser"/>
  <system-out/>
</testsuite> <!-- Admin.VerifyEditUser -->
