<?xml version="1.0" encoding="UTF-8"?>
<!-- Generated by org.testng.reporters.JUnitReportReporter -->
<testsuite skipped="0" hostname="Shivu" name="Admin.VerifyLogin" tests="2" failures="0" timestamp="2021-10-25T09:22:39 IST" time="47.154" errors="0">
  <testcase name="firstTest" time="13.559" classname="Admin.VerifyLogin"/>
  <system-out/>
  <testcase name="firstTest" time="33.595" classname="Admin.VerifyLogin"/>
  <system-out/>
</testsuite> <!-- Admin.VerifyLogin -->
