<?xml version="1.0" encoding="UTF-8"?>
<!-- Generated by org.testng.reporters.JUnitReportReporter -->
<testsuite skipped="0" hostname="Shivu" name="Admin.VerifyCourse" tests="1" failures="0" timestamp="2021-10-22T12:53:53 IST" time="75.512" errors="0">
  <testcase name="VerifyUserTest" time="75.512" classname="Admin.VerifyCourse"/>
  <system-out/>
</testsuite> <!-- Admin.VerifyCourse -->
