<?xml version="1.0" encoding="UTF-8"?>
<!-- Generated by org.testng.reporters.JUnitReportReporter -->
<testsuite skipped="0" hostname="Shivu" name="Admin.VerifyLogin" tests="2" failures="0" timestamp="2021-10-21T09:40:10 IST" time="97.042" errors="0">
  <testcase name="firstTest" time="71.893" classname="Admin.VerifyLogin"/>
  <system-out/>
  <testcase name="firstTest" time="25.149" classname="Admin.VerifyLogin"/>
  <system-out/>
</testsuite> <!-- Admin.VerifyLogin -->
