<?xml version="1.0" encoding="UTF-8"?>
<!-- Generated by org.testng.reporters.JUnitReportReporter -->
<testsuite skipped="0" hostname="Shivu" name="Qualitest.Mavenjava.VerifyEnroll" tests="1" failures="0" timestamp="2021-10-18T21:45:29 IST" time="118.334" errors="0">
  <testcase name="AddUserTest" time="118.334" classname="Qualitest.Mavenjava.VerifyEnroll"/>
  <system-out/>
</testsuite> <!-- Qualitest.Mavenjava.VerifyEnroll -->
